This is pdfTeX, Version 3.14159265-2.6-1.40.18 (MiKTeX 2.9.6600 64-bit) (preloaded format=pdflatex 2018.2.28)  27 MAR 2018 19:11
entering extended mode
**C:/Users/Carlimero/Documents/GitHub/ITSec/coriaPaper.tex
(C:/Users/Carlimero/Documents/GitHub/ITSec/coriaPaper.tex
LaTeX2e <2017-04-15>
Babel <3.17> and hyphenation patterns for 75 language(s) loaded.
("C:\Program Files\MiKTeX 2.9\tex\latex\ieeetran\IEEEtran.cls"
Document Class: IEEEtran 2015/08/26 V1.8b by Michael Shell
-- See the "IEEEtran_HOWTO" manual for usage information.
-- http://www.michaelshell.org/tex/ieeetran/
\@IEEEtrantmpdimenA=\dimen102
\@IEEEtrantmpdimenB=\dimen103
\@IEEEtrantmpdimenC=\dimen104
\@IEEEtrantmpcountA=\count79
\@IEEEtrantmpcountB=\count80
\@IEEEtrantmpcountC=\count81
\@IEEEtrantmptoksA=\toks14
LaTeX Font Info:    Try loading font information for OT1+ptm on input line 503.

("C:\Program Files\MiKTeX 2.9\tex\latex\psnfss\ot1ptm.fd"
File: ot1ptm.fd 2001/06/04 font definitions for OT1/ptm.
)
-- Using 8.5in x 11in (letter) paper.
-- Using PDF output.
\@IEEEnormalsizeunitybaselineskip=\dimen105
-- This is an 11 point document.
\CLASSINFOnormalsizebaselineskip=\dimen106
\CLASSINFOnormalsizeunitybaselineskip=\dimen107
\IEEEnormaljot=\dimen108
LaTeX Font Info:    Font shape `OT1/ptm/bx/n' in size <6> not available
(Font)              Font shape `OT1/ptm/b/n' tried instead on input line 1090.
LaTeX Font Info:    Font shape `OT1/ptm/bx/it' in size <6> not available
(Font)              Font shape `OT1/ptm/b/it' tried instead on input line 1090.

LaTeX Font Info:    Font shape `OT1/ptm/bx/n' in size <8> not available
(Font)              Font shape `OT1/ptm/b/n' tried instead on input line 1090.
LaTeX Font Info:    Font shape `OT1/ptm/bx/it' in size <8> not available
(Font)              Font shape `OT1/ptm/b/it' tried instead on input line 1090.

LaTeX Font Info:    Font shape `OT1/ptm/bx/n' in size <9> not available
(Font)              Font shape `OT1/ptm/b/n' tried instead on input line 1090.
LaTeX Font Info:    Font shape `OT1/ptm/bx/it' in size <9> not available
(Font)              Font shape `OT1/ptm/b/it' tried instead on input line 1090.

LaTeX Font Info:    Font shape `OT1/ptm/bx/n' in size <10> not available
(Font)              Font shape `OT1/ptm/b/n' tried instead on input line 1090.
LaTeX Font Info:    Font shape `OT1/ptm/bx/it' in size <10> not available
(Font)              Font shape `OT1/ptm/b/it' tried instead on input line 1090.

LaTeX Font Info:    Font shape `OT1/ptm/bx/n' in size <11> not available
(Font)              Font shape `OT1/ptm/b/n' tried instead on input line 1090.
LaTeX Font Info:    Font shape `OT1/ptm/bx/it' in size <11> not available
(Font)              Font shape `OT1/ptm/b/it' tried instead on input line 1090.

LaTeX Font Info:    Font shape `OT1/ptm/bx/n' in size <12> not available
(Font)              Font shape `OT1/ptm/b/n' tried instead on input line 1090.
LaTeX Font Info:    Font shape `OT1/ptm/bx/it' in size <12> not available
(Font)              Font shape `OT1/ptm/b/it' tried instead on input line 1090.

LaTeX Font Info:    Font shape `OT1/ptm/bx/n' in size <17> not available
(Font)              Font shape `OT1/ptm/b/n' tried instead on input line 1090.
LaTeX Font Info:    Font shape `OT1/ptm/bx/it' in size <17> not available
(Font)              Font shape `OT1/ptm/b/it' tried instead on input line 1090.

LaTeX Font Info:    Font shape `OT1/ptm/bx/n' in size <20> not available
(Font)              Font shape `OT1/ptm/b/n' tried instead on input line 1090.
LaTeX Font Info:    Font shape `OT1/ptm/bx/it' in size <20> not available
(Font)              Font shape `OT1/ptm/b/it' tried instead on input line 1090.

LaTeX Font Info:    Font shape `OT1/ptm/bx/n' in size <24> not available
(Font)              Font shape `OT1/ptm/b/n' tried instead on input line 1090.
LaTeX Font Info:    Font shape `OT1/ptm/bx/it' in size <24> not available
(Font)              Font shape `OT1/ptm/b/it' tried instead on input line 1090.

\IEEEquantizedlength=\dimen109
\IEEEquantizedlengthdiff=\dimen110
\IEEEquantizedtextheightdiff=\dimen111
\IEEEilabelindentA=\dimen112
\IEEEilabelindentB=\dimen113
\IEEEilabelindent=\dimen114
\IEEEelabelindent=\dimen115
\IEEEdlabelindent=\dimen116
\IEEElabelindent=\dimen117
\IEEEiednormlabelsep=\dimen118
\IEEEiedmathlabelsep=\dimen119
\IEEEiedtopsep=\skip41
\c@section=\count82
\c@subsection=\count83
\c@subsubsection=\count84
\c@paragraph=\count85
\c@IEEEsubequation=\count86
\abovecaptionskip=\skip42
\belowcaptionskip=\skip43
\c@figure=\count87
\c@table=\count88
\@IEEEeqnnumcols=\count89
\@IEEEeqncolcnt=\count90
\@IEEEsubeqnnumrollback=\count91
\@IEEEquantizeheightA=\dimen120
\@IEEEquantizeheightB=\dimen121
\@IEEEquantizeheightC=\dimen122
\@IEEEquantizeprevdepth=\dimen123
\@IEEEquantizemultiple=\count92
\@IEEEquantizeboxA=\box26
\@IEEEtmpitemindent=\dimen124
\IEEEPARstartletwidth=\dimen125
\c@IEEEbiography=\count93
\@IEEEtranrubishbin=\box27
)
** ATTENTION: Overriding command lockouts (line 2).
("C:\Program Files\MiKTeX 2.9\tex\latex\cite\cite.sty"
LaTeX Info: Redefining \cite on input line 302.
LaTeX Info: Redefining \nocite on input line 332.
Package: cite 2015/02/27  v 5.5
)
("C:\Program Files\MiKTeX 2.9\tex\latex\amsmath\amsmath.sty"
Package: amsmath 2017/09/02 v2.17a AMS math features
\@mathmargin=\skip44

For additional information on amsmath, use the `?' option.
("C:\Program Files\MiKTeX 2.9\tex\latex\amsmath\amstext.sty"
Package: amstext 2000/06/29 v2.01 AMS text

("C:\Program Files\MiKTeX 2.9\tex\latex\amsmath\amsgen.sty"
File: amsgen.sty 1999/11/30 v2.0 generic functions
\@emptytoks=\toks15
\ex@=\dimen126
))
("C:\Program Files\MiKTeX 2.9\tex\latex\amsmath\amsbsy.sty"
Package: amsbsy 1999/11/29 v1.2d Bold Symbols
\pmbraise@=\dimen127
)
("C:\Program Files\MiKTeX 2.9\tex\latex\amsmath\amsopn.sty"
Package: amsopn 2016/03/08 v2.02 operator names
)
\inf@bad=\count94
LaTeX Info: Redefining \frac on input line 213.
\uproot@=\count95
\leftroot@=\count96
LaTeX Info: Redefining \overline on input line 375.
\classnum@=\count97
\DOTSCASE@=\count98
LaTeX Info: Redefining \ldots on input line 472.
LaTeX Info: Redefining \dots on input line 475.
LaTeX Info: Redefining \cdots on input line 596.
\Mathstrutbox@=\box28
\strutbox@=\box29
\big@size=\dimen128
LaTeX Font Info:    Redeclaring font encoding OML on input line 712.
LaTeX Font Info:    Redeclaring font encoding OMS on input line 713.
\macc@depth=\count99
\c@MaxMatrixCols=\count100
\dotsspace@=\muskip10
\c@parentequation=\count101
\dspbrk@lvl=\count102
\tag@help=\toks16
\row@=\count103
\column@=\count104
\maxfields@=\count105
\andhelp@=\toks17
\eqnshift@=\dimen129
\alignsep@=\dimen130
\tagshift@=\dimen131
\tagwidth@=\dimen132
\totwidth@=\dimen133
\lineht@=\dimen134
\@envbody=\toks18
\multlinegap=\skip45
\multlinetaggap=\skip46
\mathdisplay@stack=\toks19
LaTeX Info: Redefining \[ on input line 2817.
LaTeX Info: Redefining \] on input line 2818.
)
("C:\Program Files\MiKTeX 2.9\tex\latex\amsfonts\amssymb.sty"
Package: amssymb 2013/01/14 v3.01 AMS font symbols

("C:\Program Files\MiKTeX 2.9\tex\latex\amsfonts\amsfonts.sty"
Package: amsfonts 2013/01/14 v3.01 Basic AMSFonts support
\symAMSa=\mathgroup4
\symAMSb=\mathgroup5
LaTeX Font Info:    Overwriting math alphabet `\mathfrak' in version `bold'
(Font)                  U/euf/m/n --> U/euf/b/n on input line 106.
))
("C:\Program Files\MiKTeX 2.9\tex\latex\algorithms\algorithmic.sty"
Package: algorithmic 2009/08/24 v0.1 Document Style `algorithmic'

("C:\Program Files\MiKTeX 2.9\tex\latex\base\ifthen.sty"
Package: ifthen 2014/09/29 v1.1c Standard LaTeX ifthen package (DPC)
)
("C:\Program Files\MiKTeX 2.9\tex\latex\graphics\keyval.sty"
Package: keyval 2014/10/28 v1.15 key=value parser (DPC)
\KV@toks@=\toks20
)
\c@ALC@unique=\count106
\c@ALC@line=\count107
\c@ALC@rem=\count108
\c@ALC@depth=\count109
\ALC@tlm=\skip47
\algorithmicindent=\skip48
)
("C:\Program Files\MiKTeX 2.9\tex\latex\graphics\graphicx.sty"
Package: graphicx 2017/06/01 v1.1a Enhanced LaTeX Graphics (DPC,SPQR)

("C:\Program Files\MiKTeX 2.9\tex\latex\graphics\graphics.sty"
Package: graphics 2017/06/25 v1.2c Standard LaTeX Graphics (DPC,SPQR)

("C:\Program Files\MiKTeX 2.9\tex\latex\graphics\trig.sty"
Package: trig 2016/01/03 v1.10 sin cos tan (DPC)
)
("C:\Program Files\MiKTeX 2.9\tex\latex\graphics-cfg\graphics.cfg"
File: graphics.cfg 2016/06/04 v1.11 sample graphics configuration
)
Package graphics Info: Driver file: pdftex.def on input line 99.

("C:\Program Files\MiKTeX 2.9\tex\latex\graphics-def\pdftex.def"
File: pdftex.def 2018/01/08 v1.0l Graphics/color driver for pdftex
))
\Gin@req@height=\dimen135
\Gin@req@width=\dimen136
)
("C:\Program Files\MiKTeX 2.9\tex\latex\base\inputenc.sty"
Package: inputenc 2015/03/17 v1.2c Input encoding file
\inpenc@prehook=\toks21
\inpenc@posthook=\toks22

("C:\Program Files\MiKTeX 2.9\tex\latex\base\utf8.def"
File: utf8.def 2017/01/28 v1.1t UTF-8 support for inputenc
Now handling font encoding OML ...
... no UTF-8 mapping file for font encoding OML
Now handling font encoding T1 ...
... processing UTF-8 mapping file for font encoding T1

("C:\Program Files\MiKTeX 2.9\tex\latex\base\t1enc.dfu"
File: t1enc.dfu 2017/01/28 v1.1t UTF-8 support for inputenc
   defining Unicode char U+00A0 (decimal 160)
   defining Unicode char U+00A1 (decimal 161)
   defining Unicode char U+00A3 (decimal 163)
   defining Unicode char U+00AB (decimal 171)
   defining Unicode char U+00AD (decimal 173)
   defining Unicode char U+00BB (decimal 187)
   defining Unicode char U+00BF (decimal 191)
   defining Unicode char U+00C0 (decimal 192)
   defining Unicode char U+00C1 (decimal 193)
   defining Unicode char U+00C2 (decimal 194)
   defining Unicode char U+00C3 (decimal 195)
   defining Unicode char U+00C4 (decimal 196)
   defining Unicode char U+00C5 (decimal 197)
   defining Unicode char U+00C6 (decimal 198)
   defining Unicode char U+00C7 (decimal 199)
   defining Unicode char U+00C8 (decimal 200)
   defining Unicode char U+00C9 (decimal 201)
   defining Unicode char U+00CA (decimal 202)
   defining Unicode char U+00CB (decimal 203)
   defining Unicode char U+00CC (decimal 204)
   defining Unicode char U+00CD (decimal 205)
   defining Unicode char U+00CE (decimal 206)
   defining Unicode char U+00CF (decimal 207)
   defining Unicode char U+00D0 (decimal 208)
   defining Unicode char U+00D1 (decimal 209)
   defining Unicode char U+00D2 (decimal 210)
   defining Unicode char U+00D3 (decimal 211)
   defining Unicode char U+00D4 (decimal 212)
   defining Unicode char U+00D5 (decimal 213)
   defining Unicode char U+00D6 (decimal 214)
   defining Unicode char U+00D8 (decimal 216)
   defining Unicode char U+00D9 (decimal 217)
   defining Unicode char U+00DA (decimal 218)
   defining Unicode char U+00DB (decimal 219)
   defining Unicode char U+00DC (decimal 220)
   defining Unicode char U+00DD (decimal 221)
   defining Unicode char U+00DE (decimal 222)
   defining Unicode char U+00DF (decimal 223)
   defining Unicode char U+00E0 (decimal 224)
   defining Unicode char U+00E1 (decimal 225)
   defining Unicode char U+00E2 (decimal 226)
   defining Unicode char U+00E3 (decimal 227)
   defining Unicode char U+00E4 (decimal 228)
   defining Unicode char U+00E5 (decimal 229)
   defining Unicode char U+00E6 (decimal 230)
   defining Unicode char U+00E7 (decimal 231)
   defining Unicode char U+00E8 (decimal 232)
   defining Unicode char U+00E9 (decimal 233)
   defining Unicode char U+00EA (decimal 234)
   defining Unicode char U+00EB (decimal 235)
   defining Unicode char U+00EC (decimal 236)
   defining Unicode char U+00ED (decimal 237)
   defining Unicode char U+00EE (decimal 238)
   defining Unicode char U+00EF (decimal 239)
   defining Unicode char U+00F0 (decimal 240)
   defining Unicode char U+00F1 (decimal 241)
   defining Unicode char U+00F2 (decimal 242)
   defining Unicode char U+00F3 (decimal 243)
   defining Unicode char U+00F4 (decimal 244)
   defining Unicode char U+00F5 (decimal 245)
   defining Unicode char U+00F6 (decimal 246)
   defining Unicode char U+00F8 (decimal 248)
   defining Unicode char U+00F9 (decimal 249)
   defining Unicode char U+00FA (decimal 250)
   defining Unicode char U+00FB (decimal 251)
   defining Unicode char U+00FC (decimal 252)
   defining Unicode char U+00FD (decimal 253)
   defining Unicode char U+00FE (decimal 254)
   defining Unicode char U+00FF (decimal 255)
   defining Unicode char U+0100 (decimal 256)
   defining Unicode char U+0101 (decimal 257)
   defining Unicode char U+0102 (decimal 258)
   defining Unicode char U+0103 (decimal 259)
   defining Unicode char U+0104 (decimal 260)
   defining Unicode char U+0105 (decimal 261)
   defining Unicode char U+0106 (decimal 262)
   defining Unicode char U+0107 (decimal 263)
   defining Unicode char U+0108 (decimal 264)
   defining Unicode char U+0109 (decimal 265)
   defining Unicode char U+010A (decimal 266)
   defining Unicode char U+010B (decimal 267)
   defining Unicode char U+010C (decimal 268)
   defining Unicode char U+010D (decimal 269)
   defining Unicode char U+010E (decimal 270)
   defining Unicode char U+010F (decimal 271)
   defining Unicode char U+0110 (decimal 272)
   defining Unicode char U+0111 (decimal 273)
   defining Unicode char U+0112 (decimal 274)
   defining Unicode char U+0113 (decimal 275)
   defining Unicode char U+0114 (decimal 276)
   defining Unicode char U+0115 (decimal 277)
   defining Unicode char U+0116 (decimal 278)
   defining Unicode char U+0117 (decimal 279)
   defining Unicode char U+0118 (decimal 280)
   defining Unicode char U+0119 (decimal 281)
   defining Unicode char U+011A (decimal 282)
   defining Unicode char U+011B (decimal 283)
   defining Unicode char U+011C (decimal 284)
   defining Unicode char U+011D (decimal 285)
   defining Unicode char U+011E (decimal 286)
   defining Unicode char U+011F (decimal 287)
   defining Unicode char U+0120 (decimal 288)
   defining Unicode char U+0121 (decimal 289)
   defining Unicode char U+0122 (decimal 290)
   defining Unicode char U+0123 (decimal 291)
   defining Unicode char U+0124 (decimal 292)
   defining Unicode char U+0125 (decimal 293)
   defining Unicode char U+0128 (decimal 296)
   defining Unicode char U+0129 (decimal 297)
   defining Unicode char U+012A (decimal 298)
   defining Unicode char U+012B (decimal 299)
   defining Unicode char U+012C (decimal 300)
   defining Unicode char U+012D (decimal 301)
   defining Unicode char U+012E (decimal 302)
   defining Unicode char U+012F (decimal 303)
   defining Unicode char U+0130 (decimal 304)
   defining Unicode char U+0131 (decimal 305)
   defining Unicode char U+0132 (decimal 306)
   defining Unicode char U+0133 (decimal 307)
   defining Unicode char U+0134 (decimal 308)
   defining Unicode char U+0135 (decimal 309)
   defining Unicode char U+0136 (decimal 310)
   defining Unicode char U+0137 (decimal 311)
   defining Unicode char U+0139 (decimal 313)
   defining Unicode char U+013A (decimal 314)
   defining Unicode char U+013B (decimal 315)
   defining Unicode char U+013C (decimal 316)
   defining Unicode char U+013D (decimal 317)
   defining Unicode char U+013E (decimal 318)
   defining Unicode char U+0141 (decimal 321)
   defining Unicode char U+0142 (decimal 322)
   defining Unicode char U+0143 (decimal 323)
   defining Unicode char U+0144 (decimal 324)
   defining Unicode char U+0145 (decimal 325)
   defining Unicode char U+0146 (decimal 326)
   defining Unicode char U+0147 (decimal 327)
   defining Unicode char U+0148 (decimal 328)
   defining Unicode char U+014A (decimal 330)
   defining Unicode char U+014B (decimal 331)
   defining Unicode char U+014C (decimal 332)
   defining Unicode char U+014D (decimal 333)
   defining Unicode char U+014E (decimal 334)
   defining Unicode char U+014F (decimal 335)
   defining Unicode char U+0150 (decimal 336)
   defining Unicode char U+0151 (decimal 337)
   defining Unicode char U+0152 (decimal 338)
   defining Unicode char U+0153 (decimal 339)
   defining Unicode char U+0154 (decimal 340)
   defining Unicode char U+0155 (decimal 341)
   defining Unicode char U+0156 (decimal 342)
   defining Unicode char U+0157 (decimal 343)
   defining Unicode char U+0158 (decimal 344)
   defining Unicode char U+0159 (decimal 345)
   defining Unicode char U+015A (decimal 346)
   defining Unicode char U+015B (decimal 347)
   defining Unicode char U+015C (decimal 348)
   defining Unicode char U+015D (decimal 349)
   defining Unicode char U+015E (decimal 350)
   defining Unicode char U+015F (decimal 351)
   defining Unicode char U+0160 (decimal 352)
   defining Unicode char U+0161 (decimal 353)
   defining Unicode char U+0162 (decimal 354)
   defining Unicode char U+0163 (decimal 355)
   defining Unicode char U+0164 (decimal 356)
   defining Unicode char U+0165 (decimal 357)
   defining Unicode char U+0168 (decimal 360)
   defining Unicode char U+0169 (decimal 361)
   defining Unicode char U+016A (decimal 362)
   defining Unicode char U+016B (decimal 363)
   defining Unicode char U+016C (decimal 364)
   defining Unicode char U+016D (decimal 365)
   defining Unicode char U+016E (decimal 366)
   defining Unicode char U+016F (decimal 367)
   defining Unicode char U+0170 (decimal 368)
   defining Unicode char U+0171 (decimal 369)
   defining Unicode char U+0172 (decimal 370)
   defining Unicode char U+0173 (decimal 371)
   defining Unicode char U+0174 (decimal 372)
   defining Unicode char U+0175 (decimal 373)
   defining Unicode char U+0176 (decimal 374)
   defining Unicode char U+0177 (decimal 375)
   defining Unicode char U+0178 (decimal 376)
   defining Unicode char U+0179 (decimal 377)
   defining Unicode char U+017A (decimal 378)
   defining Unicode char U+017B (decimal 379)
   defining Unicode char U+017C (decimal 380)
   defining Unicode char U+017D (decimal 381)
   defining Unicode char U+017E (decimal 382)
   defining Unicode char U+01CD (decimal 461)
   defining Unicode char U+01CE (decimal 462)
   defining Unicode char U+01CF (decimal 463)
   defining Unicode char U+01D0 (decimal 464)
   defining Unicode char U+01D1 (decimal 465)
   defining Unicode char U+01D2 (decimal 466)
   defining Unicode char U+01D3 (decimal 467)
   defining Unicode char U+01D4 (decimal 468)
   defining Unicode char U+01E2 (decimal 482)
   defining Unicode char U+01E3 (decimal 483)
   defining Unicode char U+01E6 (decimal 486)
   defining Unicode char U+01E7 (decimal 487)
   defining Unicode char U+01E8 (decimal 488)
   defining Unicode char U+01E9 (decimal 489)
   defining Unicode char U+01EA (decimal 490)
   defining Unicode char U+01EB (decimal 491)
   defining Unicode char U+01F0 (decimal 496)
   defining Unicode char U+01F4 (decimal 500)
   defining Unicode char U+01F5 (decimal 501)
   defining Unicode char U+0218 (decimal 536)
   defining Unicode char U+0219 (decimal 537)
   defining Unicode char U+021A (decimal 538)
   defining Unicode char U+021B (decimal 539)
   defining Unicode char U+0232 (decimal 562)
   defining Unicode char U+0233 (decimal 563)
   defining Unicode char U+1E02 (decimal 7682)
   defining Unicode char U+1E03 (decimal 7683)
   defining Unicode char U+200C (decimal 8204)
   defining Unicode char U+2010 (decimal 8208)
   defining Unicode char U+2011 (decimal 8209)
   defining Unicode char U+2012 (decimal 8210)
   defining Unicode char U+2013 (decimal 8211)
   defining Unicode char U+2014 (decimal 8212)
   defining Unicode char U+2015 (decimal 8213)
   defining Unicode char U+2018 (decimal 8216)
   defining Unicode char U+2019 (decimal 8217)
   defining Unicode char U+201A (decimal 8218)
   defining Unicode char U+201C (decimal 8220)
   defining Unicode char U+201D (decimal 8221)
   defining Unicode char U+201E (decimal 8222)
   defining Unicode char U+2030 (decimal 8240)
   defining Unicode char U+2031 (decimal 8241)
   defining Unicode char U+2039 (decimal 8249)
   defining Unicode char U+203A (decimal 8250)
   defining Unicode char U+2423 (decimal 9251)
   defining Unicode char U+1E20 (decimal 7712)
   defining Unicode char U+1E21 (decimal 7713)
)
Now handling font encoding OT1 ...
... processing UTF-8 mapping file for font encoding OT1

("C:\Program Files\MiKTeX 2.9\tex\latex\base\ot1enc.dfu"
File: ot1enc.dfu 2017/01/28 v1.1t UTF-8 support for inputenc
   defining Unicode char U+00A0 (decimal 160)
   defining Unicode char U+00A1 (decimal 161)
   defining Unicode char U+00A3 (decimal 163)
   defining Unicode char U+00AD (decimal 173)
   defining Unicode char U+00B8 (decimal 184)
   defining Unicode char U+00BF (decimal 191)
   defining Unicode char U+00C5 (decimal 197)
   defining Unicode char U+00C6 (decimal 198)
   defining Unicode char U+00D8 (decimal 216)
   defining Unicode char U+00DF (decimal 223)
   defining Unicode char U+00E6 (decimal 230)
   defining Unicode char U+00EC (decimal 236)
   defining Unicode char U+00ED (decimal 237)
   defining Unicode char U+00EE (decimal 238)
   defining Unicode char U+00EF (decimal 239)
   defining Unicode char U+00F8 (decimal 248)
   defining Unicode char U+0131 (decimal 305)
   defining Unicode char U+0141 (decimal 321)
   defining Unicode char U+0142 (decimal 322)
   defining Unicode char U+0152 (decimal 338)
   defining Unicode char U+0153 (decimal 339)
   defining Unicode char U+0174 (decimal 372)
   defining Unicode char U+0175 (decimal 373)
   defining Unicode char U+0176 (decimal 374)
   defining Unicode char U+0177 (decimal 375)
   defining Unicode char U+0218 (decimal 536)
   defining Unicode char U+0219 (decimal 537)
   defining Unicode char U+021A (decimal 538)
   defining Unicode char U+021B (decimal 539)
   defining Unicode char U+2013 (decimal 8211)
   defining Unicode char U+2014 (decimal 8212)
   defining Unicode char U+2018 (decimal 8216)
   defining Unicode char U+2019 (decimal 8217)
   defining Unicode char U+201C (decimal 8220)
   defining Unicode char U+201D (decimal 8221)
)
Now handling font encoding OMS ...
... processing UTF-8 mapping file for font encoding OMS

("C:\Program Files\MiKTeX 2.9\tex\latex\base\omsenc.dfu"
File: omsenc.dfu 2017/01/28 v1.1t UTF-8 support for inputenc
   defining Unicode char U+00A7 (decimal 167)
   defining Unicode char U+00B6 (decimal 182)
   defining Unicode char U+00B7 (decimal 183)
   defining Unicode char U+2020 (decimal 8224)
   defining Unicode char U+2021 (decimal 8225)
   defining Unicode char U+2022 (decimal 8226)
)
Now handling font encoding OMX ...
... no UTF-8 mapping file for font encoding OMX
Now handling font encoding U ...
... no UTF-8 mapping file for font encoding U
   defining Unicode char U+00A9 (decimal 169)
   defining Unicode char U+00AA (decimal 170)
   defining Unicode char U+00AE (decimal 174)
   defining Unicode char U+00BA (decimal 186)
   defining Unicode char U+02C6 (decimal 710)
   defining Unicode char U+02DC (decimal 732)
   defining Unicode char U+200C (decimal 8204)
   defining Unicode char U+2026 (decimal 8230)
   defining Unicode char U+2122 (decimal 8482)
   defining Unicode char U+2423 (decimal 9251)
))
("C:\Program Files\MiKTeX 2.9\tex\latex\listings\listings.sty"
\lst@mode=\count110
\lst@gtempboxa=\box30
\lst@token=\toks23
\lst@length=\count111
\lst@currlwidth=\dimen137
\lst@column=\count112
\lst@pos=\count113
\lst@lostspace=\dimen138
\lst@width=\dimen139
\lst@newlines=\count114
\lst@lineno=\count115
\lst@maxwidth=\dimen140

("C:\Program Files\MiKTeX 2.9\tex\latex\listings\lstmisc.sty"
File: lstmisc.sty 2015/06/04 1.6 (Carsten Heinz)
\c@lstnumber=\count116
\lst@skipnumbers=\count117
\lst@framebox=\box31
)
("C:\Program Files\MiKTeX 2.9\tex\latex\listings\listings.cfg"
File: listings.cfg 2015/06/04 1.6 listings configuration
))
Package: listings 2015/06/04 1.6 (Carsten Heinz)

("C:\Program Files\MiKTeX 2.9\tex\latex\tools\multicol.sty"
Package: multicol 2017/04/11 v1.8q multicolumn formatting (FMi)
\c@tracingmulticols=\count118
\mult@box=\box32
\multicol@leftmargin=\dimen141
\c@unbalance=\count119
\c@collectmore=\count120
\doublecol@number=\count121
\multicoltolerance=\count122
\multicolpretolerance=\count123
\full@width=\dimen142
\page@free=\dimen143
\premulticols=\dimen144
\postmulticols=\dimen145
\multicolsep=\skip49
\multicolbaselineskip=\skip50
\partial@page=\box33
\last@line=\box34
\maxbalancingoverflow=\dimen146
\mult@rightbox=\box35
\mult@grightbox=\box36
\mult@gfirstbox=\box37
\mult@firstbox=\box38
\@tempa=\box39
\@tempa=\box40
\@tempa=\box41
\@tempa=\box42
\@tempa=\box43
\@tempa=\box44
\@tempa=\box45
\@tempa=\box46
\@tempa=\box47
\@tempa=\box48
\@tempa=\box49
\@tempa=\box50
\@tempa=\box51
\@tempa=\box52
\@tempa=\box53
\@tempa=\box54
\@tempa=\box55
\c@columnbadness=\count124
\c@finalcolumnbadness=\count125
\last@try=\dimen147
\multicolovershoot=\dimen148
\multicolundershoot=\dimen149
\mult@nat@firstbox=\box56
\colbreak@box=\box57
\mc@col@check@num=\count126
)
("C:\Program Files\MiKTeX 2.9\tex\latex\base\textcomp.sty"
Package: textcomp 2017/04/05 v2.0i Standard LaTeX package
Package textcomp Info: Sub-encoding information:
(textcomp)               5 = only ISO-Adobe without \textcurrency
(textcomp)               4 = 5 + \texteuro
(textcomp)               3 = 4 + \textohm
(textcomp)               2 = 3 + \textestimated + \textcurrency
(textcomp)               1 = TS1 - \textcircled - \t
(textcomp)               0 = TS1 (full)
(textcomp)             Font families with sub-encoding setting implement
(textcomp)             only a restricted character set as indicated.
(textcomp)             Family '?' is the default used for unknown fonts.
(textcomp)             See the documentation for details.
Package textcomp Info: Setting ? sub-encoding to TS1/1 on input line 79.

("C:\Program Files\MiKTeX 2.9\tex\latex\base\ts1enc.def"
File: ts1enc.def 2001/06/05 v3.0e (jk/car/fm) Standard LaTeX file
Now handling font encoding TS1 ...
... processing UTF-8 mapping file for font encoding TS1

("C:\Program Files\MiKTeX 2.9\tex\latex\base\ts1enc.dfu"
File: ts1enc.dfu 2017/01/28 v1.1t UTF-8 support for inputenc
   defining Unicode char U+00A2 (decimal 162)
   defining Unicode char U+00A3 (decimal 163)
   defining Unicode char U+00A4 (decimal 164)
   defining Unicode char U+00A5 (decimal 165)
   defining Unicode char U+00A6 (decimal 166)
   defining Unicode char U+00A7 (decimal 167)
   defining Unicode char U+00A8 (decimal 168)
   defining Unicode char U+00A9 (decimal 169)
   defining Unicode char U+00AA (decimal 170)
   defining Unicode char U+00AC (decimal 172)
   defining Unicode char U+00AE (decimal 174)
   defining Unicode char U+00AF (decimal 175)
   defining Unicode char U+00B0 (decimal 176)
   defining Unicode char U+00B1 (decimal 177)
   defining Unicode char U+00B2 (decimal 178)
   defining Unicode char U+00B3 (decimal 179)
   defining Unicode char U+00B4 (decimal 180)
   defining Unicode char U+00B5 (decimal 181)
   defining Unicode char U+00B6 (decimal 182)
   defining Unicode char U+00B7 (decimal 183)
   defining Unicode char U+00B9 (decimal 185)
   defining Unicode char U+00BA (decimal 186)
   defining Unicode char U+00BC (decimal 188)
   defining Unicode char U+00BD (decimal 189)
   defining Unicode char U+00BE (decimal 190)
   defining Unicode char U+00D7 (decimal 215)
   defining Unicode char U+00F7 (decimal 247)
   defining Unicode char U+0192 (decimal 402)
   defining Unicode char U+02C7 (decimal 711)
   defining Unicode char U+02D8 (decimal 728)
   defining Unicode char U+02DD (decimal 733)
   defining Unicode char U+0E3F (decimal 3647)
   defining Unicode char U+2016 (decimal 8214)
   defining Unicode char U+2020 (decimal 8224)
   defining Unicode char U+2021 (decimal 8225)
   defining Unicode char U+2022 (decimal 8226)
   defining Unicode char U+2030 (decimal 8240)
   defining Unicode char U+2031 (decimal 8241)
   defining Unicode char U+203B (decimal 8251)
   defining Unicode char U+203D (decimal 8253)
   defining Unicode char U+2044 (decimal 8260)
   defining Unicode char U+204E (decimal 8270)
   defining Unicode char U+2052 (decimal 8274)
   defining Unicode char U+20A1 (decimal 8353)
   defining Unicode char U+20A4 (decimal 8356)
   defining Unicode char U+20A6 (decimal 8358)
   defining Unicode char U+20A9 (decimal 8361)
   defining Unicode char U+20AB (decimal 8363)
   defining Unicode char U+20AC (decimal 8364)
   defining Unicode char U+20B1 (decimal 8369)
   defining Unicode char U+2103 (decimal 8451)
   defining Unicode char U+2116 (decimal 8470)
   defining Unicode char U+2117 (decimal 8471)
   defining Unicode char U+211E (decimal 8478)
   defining Unicode char U+2120 (decimal 8480)
   defining Unicode char U+2122 (decimal 8482)
   defining Unicode char U+2126 (decimal 8486)
   defining Unicode char U+2127 (decimal 8487)
   defining Unicode char U+212E (decimal 8494)
   defining Unicode char U+2190 (decimal 8592)
   defining Unicode char U+2191 (decimal 8593)
   defining Unicode char U+2192 (decimal 8594)
   defining Unicode char U+2193 (decimal 8595)
   defining Unicode char U+2329 (decimal 9001)
   defining Unicode char U+232A (decimal 9002)
   defining Unicode char U+2422 (decimal 9250)
   defining Unicode char U+25E6 (decimal 9702)
   defining Unicode char U+25EF (decimal 9711)
   defining Unicode char U+266A (decimal 9834)
))
LaTeX Info: Redefining \oldstylenums on input line 334.
Package textcomp Info: Setting cmr sub-encoding to TS1/0 on input line 349.
Package textcomp Info: Setting cmss sub-encoding to TS1/0 on input line 350.
Package textcomp Info: Setting cmtt sub-encoding to TS1/0 on input line 351.
Package textcomp Info: Setting cmvtt sub-encoding to TS1/0 on input line 352.
Package textcomp Info: Setting cmbr sub-encoding to TS1/0 on input line 353.
Package textcomp Info: Setting cmtl sub-encoding to TS1/0 on input line 354.
Package textcomp Info: Setting ccr sub-encoding to TS1/0 on input line 355.
Package textcomp Info: Setting ptm sub-encoding to TS1/4 on input line 356.
Package textcomp Info: Setting pcr sub-encoding to TS1/4 on input line 357.
Package textcomp Info: Setting phv sub-encoding to TS1/4 on input line 358.
Package textcomp Info: Setting ppl sub-encoding to TS1/3 on input line 359.
Package textcomp Info: Setting pag sub-encoding to TS1/4 on input line 360.
Package textcomp Info: Setting pbk sub-encoding to TS1/4 on input line 361.
Package textcomp Info: Setting pnc sub-encoding to TS1/4 on input line 362.
Package textcomp Info: Setting pzc sub-encoding to TS1/4 on input line 363.
Package textcomp Info: Setting bch sub-encoding to TS1/4 on input line 364.
Package textcomp Info: Setting put sub-encoding to TS1/5 on input line 365.
Package textcomp Info: Setting uag sub-encoding to TS1/5 on input line 366.
Package textcomp Info: Setting ugq sub-encoding to TS1/5 on input line 367.
Package textcomp Info: Setting ul8 sub-encoding to TS1/4 on input line 368.
Package textcomp Info: Setting ul9 sub-encoding to TS1/4 on input line 369.
Package textcomp Info: Setting augie sub-encoding to TS1/5 on input line 370.
Package textcomp Info: Setting dayrom sub-encoding to TS1/3 on input line 371.
Package textcomp Info: Setting dayroms sub-encoding to TS1/3 on input line 372.

Package textcomp Info: Setting pxr sub-encoding to TS1/0 on input line 373.
Package textcomp Info: Setting pxss sub-encoding to TS1/0 on input line 374.
Package textcomp Info: Setting pxtt sub-encoding to TS1/0 on input line 375.
Package textcomp Info: Setting txr sub-encoding to TS1/0 on input line 376.
Package textcomp Info: Setting txss sub-encoding to TS1/0 on input line 377.
Package textcomp Info: Setting txtt sub-encoding to TS1/0 on input line 378.
Package textcomp Info: Setting lmr sub-encoding to TS1/0 on input line 379.
Package textcomp Info: Setting lmdh sub-encoding to TS1/0 on input line 380.
Package textcomp Info: Setting lmss sub-encoding to TS1/0 on input line 381.
Package textcomp Info: Setting lmssq sub-encoding to TS1/0 on input line 382.
Package textcomp Info: Setting lmvtt sub-encoding to TS1/0 on input line 383.
Package textcomp Info: Setting lmtt sub-encoding to TS1/0 on input line 384.
Package textcomp Info: Setting qhv sub-encoding to TS1/0 on input line 385.
Package textcomp Info: Setting qag sub-encoding to TS1/0 on input line 386.
Package textcomp Info: Setting qbk sub-encoding to TS1/0 on input line 387.
Package textcomp Info: Setting qcr sub-encoding to TS1/0 on input line 388.
Package textcomp Info: Setting qcs sub-encoding to TS1/0 on input line 389.
Package textcomp Info: Setting qpl sub-encoding to TS1/0 on input line 390.
Package textcomp Info: Setting qtm sub-encoding to TS1/0 on input line 391.
Package textcomp Info: Setting qzc sub-encoding to TS1/0 on input line 392.
Package textcomp Info: Setting qhvc sub-encoding to TS1/0 on input line 393.
Package textcomp Info: Setting futs sub-encoding to TS1/4 on input line 394.
Package textcomp Info: Setting futx sub-encoding to TS1/4 on input line 395.
Package textcomp Info: Setting futj sub-encoding to TS1/4 on input line 396.
Package textcomp Info: Setting hlh sub-encoding to TS1/3 on input line 397.
Package textcomp Info: Setting hls sub-encoding to TS1/3 on input line 398.
Package textcomp Info: Setting hlst sub-encoding to TS1/3 on input line 399.
Package textcomp Info: Setting hlct sub-encoding to TS1/5 on input line 400.
Package textcomp Info: Setting hlx sub-encoding to TS1/5 on input line 401.
Package textcomp Info: Setting hlce sub-encoding to TS1/5 on input line 402.
Package textcomp Info: Setting hlcn sub-encoding to TS1/5 on input line 403.
Package textcomp Info: Setting hlcw sub-encoding to TS1/5 on input line 404.
Package textcomp Info: Setting hlcf sub-encoding to TS1/5 on input line 405.
Package textcomp Info: Setting pplx sub-encoding to TS1/3 on input line 406.
Package textcomp Info: Setting pplj sub-encoding to TS1/3 on input line 407.
Package textcomp Info: Setting ptmx sub-encoding to TS1/4 on input line 408.
Package textcomp Info: Setting ptmj sub-encoding to TS1/4 on input line 409.
)
("C:\Program Files\MiKTeX 2.9\tex\latex\hyperref\nameref.sty"
Package: nameref 2016/05/21 v2.44 Cross-referencing by name of section

("C:\Program Files\MiKTeX 2.9\tex\latex\oberdiek\refcount.sty"
Package: refcount 2016/05/16 v3.5 Data extraction from label references (HO)

("C:\Program Files\MiKTeX 2.9\tex\generic\oberdiek\ltxcmds.sty"
Package: ltxcmds 2016/05/16 v1.23 LaTeX kernel commands for general use (HO)
)
("C:\Program Files\MiKTeX 2.9\tex\generic\oberdiek\infwarerr.sty"
Package: infwarerr 2016/05/16 v1.4 Providing info/warning/error messages (HO)
))
("C:\Program Files\MiKTeX 2.9\tex\generic\oberdiek\gettitlestring.sty"
Package: gettitlestring 2016/05/16 v1.5 Cleanup title references (HO)

("C:\Program Files\MiKTeX 2.9\tex\latex\oberdiek\kvoptions.sty"
Package: kvoptions 2016/05/16 v3.12 Key value format for package options (HO)

("C:\Program Files\MiKTeX 2.9\tex\generic\oberdiek\kvsetkeys.sty"
Package: kvsetkeys 2016/05/16 v1.17 Key value parser (HO)

("C:\Program Files\MiKTeX 2.9\tex\generic\oberdiek\etexcmds.sty"
Package: etexcmds 2016/05/16 v1.6 Avoid name clashes with e-TeX commands (HO)

("C:\Program Files\MiKTeX 2.9\tex\generic\oberdiek\ifluatex.sty"
Package: ifluatex 2016/05/16 v1.4 Provides the ifluatex switch (HO)
Package ifluatex Info: LuaTeX not detected.
)
Package etexcmds Info: Could not find \expanded.
(etexcmds)             That can mean that you are not using pdfTeX 1.50 or
(etexcmds)             that some package has redefined \expanded.
(etexcmds)             In the latter case, load this package earlier.
))))
\c@section@level=\count127
LaTeX Info: Redefining \ref on input line 355.
LaTeX Info: Redefining \pageref on input line 355.
)
("C:\Program Files\MiKTeX 2.9\tex\latex\url\url.sty"
\Urlmuskip=\muskip11
Package: url 2013/09/16  ver 3.4  Verb mode for urls, etc.
)
("C:\Program Files\MiKTeX 2.9\tex\latex\float\float.sty"
Package: float 2001/11/08 v1.3d Float enhancements (AL)
\c@float@type=\count128
\float@exts=\toks24
\float@box=\box58
\@float@everytoks=\toks25
\@floatcapt=\box59
) (coriaPaper.aux

LaTeX Warning: Label `fig' multiply defined.


LaTeX Warning: Label `fig' multiply defined.


LaTeX Warning: Label `fig' multiply defined.


LaTeX Warning: Label `fig' multiply defined.


LaTeX Warning: Label `fig' multiply defined.


LaTeX Warning: Label `fig' multiply defined.


LaTeX Warning: Label `fig' multiply defined.


LaTeX Warning: Label `fig' multiply defined.


LaTeX Warning: Label `fig' multiply defined.


LaTeX Warning: Label `fig' multiply defined.


LaTeX Warning: Label `fig' multiply defined.


LaTeX Warning: Label `fig' multiply defined.

)
\openout1 = `coriaPaper.aux'.

LaTeX Font Info:    Checking defaults for OML/cmm/m/it on input line 43.
LaTeX Font Info:    ... okay on input line 43.
LaTeX Font Info:    Checking defaults for T1/cmr/m/n on input line 43.
LaTeX Font Info:    ... okay on input line 43.
LaTeX Font Info:    Checking defaults for OT1/cmr/m/n on input line 43.
LaTeX Font Info:    ... okay on input line 43.
LaTeX Font Info:    Checking defaults for OMS/cmsy/m/n on input line 43.
LaTeX Font Info:    ... okay on input line 43.
LaTeX Font Info:    Checking defaults for OMX/cmex/m/n on input line 43.
LaTeX Font Info:    ... okay on input line 43.
LaTeX Font Info:    Checking defaults for U/cmr/m/n on input line 43.
LaTeX Font Info:    ... okay on input line 43.
LaTeX Font Info:    Checking defaults for TS1/cmr/m/n on input line 43.
LaTeX Font Info:    Try loading font information for TS1+cmr on input line 43.
 ("C:\Program Files\MiKTeX 2.9\tex\latex\base\ts1cmr.fd"
File: ts1cmr.fd 2014/09/29 v2.5h Standard LaTeX font definitions
)
LaTeX Font Info:    ... okay on input line 43.

-- Lines per column: 50 (exact).
("C:\Program Files\MiKTeX 2.9\tex\context\base\supp-pdf.mkii"
[Loading MPS to PDF converter (version 2006.09.02).]
\scratchcounter=\count129
\scratchdimen=\dimen150
\scratchbox=\box60
\nofMPsegments=\count130
\nofMParguments=\count131
\everyMPshowfont=\toks26
\MPscratchCnt=\count132
\MPscratchDim=\dimen151
\MPnumerator=\count133
\makeMPintoPDFobject=\count134
\everyMPtoPDFconversion=\toks27
) ("C:\Program Files\MiKTeX 2.9\tex\latex\oberdiek\epstopdf-base.sty"
Package: epstopdf-base 2016/05/15 v2.6 Base part for package epstopdf

("C:\Program Files\MiKTeX 2.9\tex\latex\oberdiek\grfext.sty"
Package: grfext 2016/05/16 v1.2 Manage graphics extensions (HO)

("C:\Program Files\MiKTeX 2.9\tex\generic\oberdiek\kvdefinekeys.sty"
Package: kvdefinekeys 2016/05/16 v1.4 Define keys (HO)
))
("C:\Program Files\MiKTeX 2.9\tex\generic\oberdiek\pdftexcmds.sty"
Package: pdftexcmds 2018/01/21 v0.26 Utility functions of pdfTeX for LuaTeX (HO
)

("C:\Program Files\MiKTeX 2.9\tex\generic\oberdiek\ifpdf.sty"
Package: ifpdf 2017/03/15 v3.2 Provides the ifpdf switch
)
Package pdftexcmds Info: LuaTeX not detected.
Package pdftexcmds Info: \pdf@primitive is available.
Package pdftexcmds Info: \pdf@ifprimitive is available.
Package pdftexcmds Info: \pdfdraftmode found.
)
Package epstopdf-base Info: Redefining graphics rule for `.eps' on input line 4
38.
Package grfext Info: Graphics extension search list:
(grfext)             [.pdf,.png,.jpg,.mps,.jpeg,.jbig2,.jb2,.PDF,.PNG,.JPG,.JPE
G,.JBIG2,.JB2,.eps]
(grfext)             \AppendGraphicsExtensions on input line 456.
)
\c@lstlisting=\count135
LaTeX Font Info:    Try loading font information for U+msa on input line 67.

("C:\Program Files\MiKTeX 2.9\tex\latex\amsfonts\umsa.fd"
File: umsa.fd 2013/01/14 v3.01 AMS symbols A
)
LaTeX Font Info:    Try loading font information for U+msb on input line 67.

("C:\Program Files\MiKTeX 2.9\tex\latex\amsfonts\umsb.fd"
File: umsb.fd 2013/01/14 v3.01 AMS symbols B
)
LaTeX Font Info:    Try loading font information for TS1+ptm on input line 86.

("C:\Program Files\MiKTeX 2.9\tex\latex\psnfss\ts1ptm.fd"
File: ts1ptm.fd 2001/06/04 font definitions for TS1/ptm.
)
Underfull \hbox (badness 6300) in paragraph at lines 85--87
\OT1/ptm/m/n/11 net-works for to-day`s world. Con-se-quently ma-jor
 []


Underfull \hbox (badness 4429) in paragraph at lines 85--87
\OT1/ptm/m/n/11 In-ter-net, se-ri-ous con-se-quences for busi-nesses and
 []


Underfull \hbox (badness 10000) in paragraph at lines 85--87

 []


Underfull \hbox (badness 2005) in paragraph at lines 85--87
\OT1/ptm/m/n/11 In 2016 for ex-am-ple the Dyn cy-ber-at-tack, which
 []


Underfull \hbox (badness 1571) in paragraph at lines 85--87
\OT1/ptm/m/n/11 in 2016, called Mi-rai Bot-net, against the Ger-man
 []


Underfull \hbox (badness 2894) in paragraph at lines 85--87
\OT1/ptm/m/n/11 com-pany Deutsche Telekom, tar-get-ing routers and
 []


Underfull \hbox (badness 2671) in paragraph at lines 85--87
\OT1/ptm/m/n/11 Co-ria's mis-sion is ex-actely that: to help an-a-lyze
 []


Underfull \hbox (badness 10000) in paragraph at lines 85--87

 []


Underfull \hbox (badness 1584) in paragraph at lines 91--94
\OT1/ptm/m/n/11 ei-ther pub-li-cally avail-able or in-di-vid-u-ally pro-vided,
 []


Underfull \hbox (badness 10000) in paragraph at lines 91--94

 []


Underfull \hbox (badness 1997) in paragraph at lines 91--94
\OT1/ptm/m/n/11 [11]. Co-ria 3.0 by Se-bas-tian Gross ben-e-fits from
 []


Underfull \hbox (badness 10000) in paragraph at lines 91--94

 []

[1{C:/Users/Carlimero/AppData/Local/MiKTeX/2.9/pdftex/config/pdftex.map}


]
Underfull \hbox (badness 3769) in paragraph at lines 95--96
\OT1/ptm/m/n/11 clear sep-a-ra-tion of \OT1/ptm/m/it/11 ex-trac-tion, trans-for
-ma-tion and
 []


Underfull \hbox (badness 10000) in paragraph at lines 95--96

 []


Underfull \hbox (badness 10000) in paragraph at lines 95--96

 []

<Graphics/CoriaExtract.PNG, id=9, 718.48425pt x 292.09125pt>
File: Graphics/CoriaExtract.PNG Graphic file (type png)
<use Graphics/CoriaExtract.PNG>
Package pdftex.def Info: Graphics/CoriaExtract.PNG  used on input line 98.
(pdftex.def)             Requested size: 280.20773pt x 113.91512pt.

Underfull \hbox (badness 3333) in paragraph at lines 108--109
\OT1/ptm/m/n/11 the ro-bust-ness of net-works and char-ac-ter-is-tics of
 []


Underfull \hbox (badness 1430) in paragraph at lines 108--109
\OT1/ptm/m/n/11 Au-tonomous Sys-tems. We in-ves-ti-gate char-ac-ter-is-tics
 []


Underfull \hbox (badness 10000) in paragraph at lines 108--109

 []

<Graphics/nodePresentaion.PNG, id=11, 447.47176pt x 465.53925pt>
File: Graphics/nodePresentaion.PNG Graphic file (type png)
<use Graphics/nodePresentaion.PNG>
Package pdftex.def Info: Graphics/nodePresentaion.PNG  used on input line 113.
(pdftex.def)             Requested size: 89.49275pt x 93.10619pt.
<Graphics/hierarchy.PNG, id=12, 1032.85875pt x 376.40625pt>
File: Graphics/hierarchy.PNG Graphic file (type png)
<use Graphics/hierarchy.PNG>
Package pdftex.def Info: Graphics/hierarchy.PNG  used on input line 126.
(pdftex.def)             Requested size: 268.53694pt x 97.86331pt.

Underfull \hbox (badness 1715) in paragraph at lines 136--141
[]\OT1/ptm/m/n/11 Fig. 4 pro-vides an ex-am-ple of an AS and its
 []


Underfull \hbox (badness 1735) in paragraph at lines 136--141
\OT1/ptm/m/n/11 char-ac-ter-is-tics. Here Ka-bel Deutsch-land, a Ger-man
 []


Underfull \hbox (badness 10000) in paragraph at lines 136--141

 []

[2 <./Graphics/CoriaExtract.PNG> <./Graphics/nodePresentaion.PNG>]
<Graphics/asExample.PNG, id=18, 1118.9805pt x 404.10976pt>
File: Graphics/asExample.PNG Graphic file (type png)
<use Graphics/asExample.PNG>
Package pdftex.def Info: Graphics/asExample.PNG  used on input line 144.
(pdftex.def)             Requested size: 234.99284pt x 84.86554pt.

Underfull \hbox (badness 10000) in paragraph at lines 153--155

 []


Underfull \hbox (badness 2818) in paragraph at lines 153--155
\OT1/ptm/m/n/11 Faloutsos et al. [19] state in their re-search that
 []


Underfull \hbox (badness 4254) in paragraph at lines 153--155
\OT1/ptm/m/n/11 cen-tral-ity. It can be used for es-ti-mat-ing fur-ther
 []


Underfull \hbox (badness 10000) in paragraph at lines 153--155

 []


Underfull \hbox (badness 1776) in paragraph at lines 153--155
\OT1/ptm/m/n/11 Research of [21] and [22] mod-eled the In-ter-net's
 []


Underfull \hbox (badness 10000) in paragraph at lines 153--155

 []


Underfull \hbox (badness 10000) in paragraph at lines 153--155

 []


Underfull \hbox (badness 10000) in paragraph at lines 159--164
[]\OT1/ptm/m/n/11 The data ware-hous-ing con-cept of \OT1/ptm/m/it/11 Ex-trac-t
ion,
 []


Underfull \hbox (badness 6995) in paragraph at lines 159--164
\OT1/ptm/m/it/11 Trans-for-ma-tion, Load-ing \OT1/ptm/m/n/11 (ETL) be-came a ri
s-ing
 []


Underfull \hbox (badness 2856) in paragraph at lines 159--164
\OT1/ptm/m/n/11 stan-dard for com-pa-nies in the 1970s. Back then
 []


Underfull \hbox (badness 3690) in paragraph at lines 159--164
\OT1/ptm/m/n/11 or-ga-ni-za-tions be-gan to in-te-grate in-for-ma-tion from
 []


Underfull \hbox (badness 6173) in paragraph at lines 159--164
\OT1/ptm/m/n/11 dif-fer-ent sources into their own databases [23].
 []


Underfull \hbox (badness 3568) in paragraph at lines 159--164
\OT1/ptm/m/n/11 The in-te-gra-tion pro-cess states the ad-van-tage that
 []


Underfull \hbox (badness 3942) in paragraph at lines 159--164
\OT1/ptm/m/n/11 sta-ble, flex-i-ble, pro-vides im-proved main-tance and
 []


Underfull \hbox (badness 1478) in paragraph at lines 159--164
\OT1/ptm/m/n/11 gen-eral. At the be-gin-ning data are ex-tracted from
 []


Underfull \hbox (badness 2435) in paragraph at lines 159--164
\OT1/ptm/m/n/11 De-pen-dent on the size of data, par-al-leliza-tion or
 []


Underfull \hbox (badness 10000) in paragraph at lines 159--164

 []

[3 <./Graphics/hierarchy.PNG> <./Graphics/asExample.PNG>]
<Graphics/ETLTheory.PNG, id=24, 758.835pt x 213.1965pt>
File: Graphics/ETLTheory.PNG Graphic file (type png)
<use Graphics/ETLTheory.PNG>
Package pdftex.def Info: Graphics/ETLTheory.PNG  used on input line 170.
(pdftex.def)             Requested size: 227.65225pt x 63.95943pt.

Underfull \hbox (badness 10000) in paragraph at lines 179--180

 []


Underfull \hbox (badness 10000) in paragraph at lines 179--180

 []


Underfull \hbox (badness 1859) in paragraph at lines 181--183
\OT1/ptm/m/n/11 in-for-ma-tion on the busi-ness types of Au-tonomous
 []


Underfull \hbox (badness 2913) in paragraph at lines 181--183
\OT1/ptm/m/n/11 Sys-tems [27]. Through machine-learning in-fer-ence,
 []


Underfull \hbox (badness 1939) in paragraph at lines 181--183
\OT1/ptm/m/n/11 by three \OT1/ptm/m/it/11 teams\OT1/ptm/m/n/11 . Caida uses in-
de-pen-dent teams to
 []


Underfull \hbox (badness 10000) in paragraph at lines 181--183

 []

<Graphics/typeofAS.PNG, id=25, 643.80525pt x 428.19975pt>
File: Graphics/typeofAS.PNG Graphic file (type png)
<use Graphics/typeofAS.PNG>
Package pdftex.def Info: Graphics/typeofAS.PNG  used on input line 192.
(pdftex.def)             Requested size: 257.51753pt x 171.27686pt.
[4 <./Graphics/ETLTheory.PNG>]
<Graphics/relationspeerandprovider.png, id=30, 401.5pt x 401.5pt>
File: Graphics/relationspeerandprovider.png Graphic file (type png)
<use Graphics/relationspeerandprovider.png>
Package pdftex.def Info: Graphics/relationspeerandprovider.png  used on input l
ine 206.
(pdftex.def)             Requested size: 180.67332pt x 180.67332pt.

Underfull \hbox (badness 1552) in paragraph at lines 212--213
[]\OT1/ptm/m/n/11 Calculating the quan-tiles of the dis-tri-bu-tion, the
 []


Underfull \hbox (badness 10000) in paragraph at lines 212--213

 []


Underfull \hbox (badness 10000) in paragraph at lines 212--213

 []


Underfull \hbox (badness 10000) in paragraph at lines 212--213

 []


Underfull \hbox (badness 2326) in paragraph at lines 221--222
\OT1/ptm/m/n/11 nodes, re-ceiv-ing traf-fic, only very few nodes are
 []


Underfull \hbox (badness 2717) in paragraph at lines 221--222
\OT1/ptm/m/n/11 for a small in-flu-ence. This prin-ci-ple has al-ready
 []


Underfull \hbox (badness 10000) in paragraph at lines 221--222

 []

<Graphics/AsFromDistribution.png, id=31, 451.6875pt x 501.875pt>
File: Graphics/AsFromDistribution.png Graphic file (type png)
<use Graphics/AsFromDistribution.png>
Package pdftex.def Info: Graphics/AsFromDistribution.png  used on input line 24
2.
(pdftex.def)             Requested size: 180.67178pt x 200.74643pt.

Underfull \vbox (badness 6110) has occurred while \output is active []

 [5 <./Graphics/typeofAS.PNG> <./Graphics/relationspeerandprovider.png>]
<Graphics/connectedASes.png, id=37, 1204.5pt x 803.0pt>
File: Graphics/connectedASes.png Graphic file (type png)
<use Graphics/connectedASes.png>
Package pdftex.def Info: Graphics/connectedASes.png  used on input line 254.
(pdftex.def)             Requested size: 252.0pt x 167.99783pt.

Underfull \hbox (badness 2073) in paragraph at lines 261--262
\OT1/ptm/m/n/11 fur-ther. Ac-cord-ingly, one can state that de-vel-oped
 []


Underfull \hbox (badness 10000) in paragraph at lines 261--262

 []


Underfull \hbox (badness 10000) in paragraph at lines 264--265

 []

<Graphics/ASFromAll.png, id=38, 602.25pt x 401.5pt>
File: Graphics/ASFromAll.png Graphic file (type png)
<use Graphics/ASFromAll.png>
Package pdftex.def Info: Graphics/ASFromAll.png  used on input line 268.
(pdftex.def)             Requested size: 240.89572pt x 160.59715pt.

Underfull \hbox (badness 10000) in paragraph at lines 275--276

 []

[6 <./Graphics/AsFromDistribution.png> <./Graphics/connectedASes.png> <./Graphi
cs/ASFromAll.png>]
Underfull \hbox (badness 5147) in paragraph at lines 277--278
[]\OT1/ptm/m/n/11 With re-spect to \OT1/ptm/m/it/11 Ap-pendix C \OT1/ptm/m/n/11
 you can see a
 []


Underfull \hbox (badness 10000) in paragraph at lines 277--278

 []


Underfull \hbox (badness 10000) in paragraph at lines 283--285

 []


Underfull \hbox (badness 10000) in paragraph at lines 283--285

 []

<Graphics/CoriaETL_current.png, id=45, 763.85374pt x 204.765pt>
File: Graphics/CoriaETL_current.png Graphic file (type png)
<use Graphics/CoriaETL_current.png>
Package pdftex.def Info: Graphics/CoriaETL_current.png  used on input line 289.

(pdftex.def)             Requested size: 252.0pt x 67.5539pt.
LaTeX Font Info:    Calculating math sizes for size <11> on input line 295.

Underfull \hbox (badness 3098) in paragraph at lines 295--296
\OT1/ptm/m/n/11 The up-load mod-ule it-self al-ready pro-vides Caida
 []


Underfull \hbox (badness 3364) in paragraph at lines 295--296
\OT1/ptm/m/n/11 de-ploys solely undi-rected and un-weighted graphs.
 []


Underfull \hbox (badness 1831) in paragraph at lines 295--296
\OT1/ptm/m/n/11 their files into the de-manded for-mat. The cur-rent
 []


Underfull \hbox (badness 1418) in paragraph at lines 295--296
\OT1/ptm/m/n/11 trans-for-ma-tion part in the web frame-work con-sists
 []


Underfull \hbox (badness 10000) in paragraph at lines 295--296

 []


Underfull \hbox (badness 10000) in paragraph at lines 297--300

 []


Underfull \hbox (badness 10000) in paragraph at lines 297--300
\OT1/ptm/m/n/11 As stated be-fore the per-for-mance re-quire-ments,
 []


Underfull \hbox (badness 10000) in paragraph at lines 297--300

 []


Underfull \hbox (badness 10000) in paragraph at lines 305--307

 []


Underfull \hbox (badness 10000) in paragraph at lines 308--309

 []

<Graphics/ETL2.png, id=46, 608.87476pt x 272.81924pt>
File: Graphics/ETL2.png Graphic file (type png)
<use Graphics/ETL2.png>
Package pdftex.def Info: Graphics/ETL2.png  used on input line 312.
(pdftex.def)             Requested size: 252.0pt x 112.91397pt.
[7 <./Graphics/CoriaETL_current.png> <./Graphics/ETL2.png>]
<Graphics/uploadFrequency.png, id=53, 501.875pt x 301.125pt>
File: Graphics/uploadFrequency.png Graphic file (type png)
<use Graphics/uploadFrequency.png>
Package pdftex.def Info: Graphics/uploadFrequency.png  used on input line 322.
(pdftex.def)             Requested size: 250.93687pt x 150.56212pt.
LaTeX Font Info:    Try loading font information for OT1+pcr on input line 330.


("C:\Program Files\MiKTeX 2.9\tex\latex\psnfss\ot1pcr.fd"
File: ot1pcr.fd 2001/06/04 font definitions for OT1/pcr.
)
Underfull \hbox (badness 10000) in paragraph at lines 330--331

 []

("C:\Program Files\MiKTeX 2.9\tex\latex\listings\lstlang1.sty"
File: lstlang1.sty 2015/06/04 1.6 listings language file
)
(CodeFiles/CoriaETL/timer.py
LaTeX Font Info:    Font shape `OT1/pcr/bx/n' in size <11> not available
(Font)              Font shape `OT1/pcr/b/n' tried instead on input line 2.
)
Underfull \hbox (badness 10000) in paragraph at lines 338--341

 []

(CodeFiles/CoriaETL/main.py
LaTeX Font Info:    Font shape `OT1/pcr/m/it' in size <11> not available
(Font)              Font shape `OT1/pcr/m/sl' tried instead on input line 2.
)
Underfull \hbox (badness 10000) in paragraph at lines 347--348
\OT1/ptm/m/it/11 topology / ark / ipv4 / as-[]links / []YEAR[]/$\OT1/ptm/m/n/11
 . There-fore the
 []


Underfull \hbox (badness 10000) in paragraph at lines 347--348

 []


Underfull \hbox (badness 2435) in paragraph at lines 349--350
[]\OT1/ptm/m/n/11 Listing 3[] presents in a next step, that at the
 []


Underfull \hbox (badness 4569) in paragraph at lines 349--350
\OT1/ptm/m/n/11 be-gin-ning of the while loop, \OT1/ptm/m/it/11 main.py \OT1/pt
m/m/n/11 cre-ates a
 []


Underfull \hbox (badness 1354) in paragraph at lines 349--350
\OT1/ptm/m/n/11 con-nec-tion to data source. As the cur-rent year is
 []


Underfull \hbox (badness 5460) in paragraph at lines 349--350
\OT1/ptm/m/n/11 2017:\OT1/ptm/m/it/11 ...datasets/topology/ark/ipv4/as-links/20
17/\OT1/ptm/m/n/11 . Af-ter
 []


Underfull \hbox (badness 10000) in paragraph at lines 349--350

 []

(CodeFiles/CoriaETL/main.py [8 <./Graphics/uploadFrequency.png>])
Underfull \hbox (badness 10000) in paragraph at lines 355--358

 []


Underfull \hbox (badness 10000) in paragraph at lines 383--386
\OT1/ptm/m/n/11 list 'cycle-aslinks.l7.t1.c000027.20070913.txt'(folder:
 []


Underfull \hbox (badness 1383) in paragraph at lines 383--386
\OT1/ptm/m/n/11 Data/O-rig-i-nal/), con-tain-ing the data de-scrip-tion and
 []


Underfull \hbox (badness 10000) in paragraph at lines 383--386

 []

(CodeFiles/CoriaETL/CsvCreate.py [9])
Underfull \hbox (badness 10000) in paragraph at lines 394--395

 []


Underfull \hbox (badness 10000) in paragraph at lines 394--395

 []


Underfull \hbox (badness 6995) in paragraph at lines 396--401
[]\OT1/ptm/m/n/11 The au-to-mated im-port pro-cess makes use of
 []


Underfull \hbox (badness 2027) in paragraph at lines 396--401
\OT1/ptm/m/n/11 other browsers. It is im-por-tant that at the ini-tial
 []


Underfull \hbox (badness 10000) in paragraph at lines 396--401
\OT1/ptm/m/n/11 element[]by[]xpath('[] / /*[@id = "import" ] /button '[] ) . cl
ick()"$
 []


Underfull \hbox (badness 10000) in paragraph at lines 396--401

 []


Underfull \hbox (badness 10000) in paragraph at lines 396--401

 []


Underfull \hbox (badness 3118) in paragraph at lines 402--404
[]\OT1/ptm/m/n/11 Webdrivers pro-vide a great va-ri-ety on op-tions.
 []


Underfull \hbox (badness 2469) in paragraph at lines 402--404
\OT1/ptm/m/n/11 There-fore we de-cided to run the chromedriver \OT1/ptm/m/it/11
 --
 []


Underfull \hbox (badness 1824) in paragraph at lines 402--404
\OT1/ptm/m/it/11 headless \OT1/ptm/m/n/11 (line 10). This en-sures that chrome 
will
 []


Underfull \hbox (badness 5592) in paragraph at lines 402--404
\OT1/ptm/m/n/11 run in the back-ground and the up-load pro-cess
 []


Underfull \hbox (badness 1946) in paragraph at lines 402--404
\OT1/ptm/m/n/11 will not dis-turb some-one that is work-ing on the
 []


Underfull \hbox (badness 2150) in paragraph at lines 402--404
\OT1/ptm/m/n/11 server. At the end of ev-ery chromedriver ses-sion
 []


Underfull \hbox (badness 10000) in paragraph at lines 402--404

 []


Underfull \hbox (badness 10000) in paragraph at lines 405--408

 []

<Graphics/SQL_schema.PNG, id=64, 724.20563pt x 642.14906pt>
File: Graphics/SQL_schema.PNG Graphic file (type png)
<use Graphics/SQL_schema.PNG>
Package pdftex.def Info: Graphics/SQL_schema.PNG  used on input line 412.
(pdftex.def)             Requested size: 238.98859pt x 211.90984pt.
[10]
Underfull \hbox (badness 2941) in paragraph at lines 431--432
[]\OT1/ptm/m/n/11 Regarding the soft-ware de-vel-op-ment as-pect, we
 []


Underfull \hbox (badness 4403) in paragraph at lines 431--432
\OT1/ptm/m/n/11 func-tion-al-i-ties - with-out any man-ual in-ter-fer-ence.
 []


Underfull \hbox (badness 10000) in paragraph at lines 431--432

 []


Underfull \hbox (badness 3579) in paragraph at lines 434--436
\OT1/ptm/m/n/11 gath-ered through sta-tis-ti-cal in-fer-ence. Its ma-chine
 []


Underfull \hbox (badness 10000) in paragraph at lines 434--436

 []


Underfull \hbox (badness 4660) in paragraph at lines 434--436
\OT1/ptm/m/n/11 The short pe-riod of de-vel-op-ing and test-ing the
 []


Underfull \hbox (badness 10000) in paragraph at lines 434--436

 []


Underfull \hbox (badness 10000) in paragraph at lines 437--438

 []

[11 <./Graphics/SQL_schema.PNG>]
Underfull \hbox (badness 4391) in paragraph at lines 439--440
\OT1/ptm/m/n/11 of graph anal-y-sis and vi-su-al-iza-tion. Nev-er-the-less,
 []


Underfull \hbox (badness 3343) in paragraph at lines 439--440
\OT1/ptm/m/n/11 ad-di-tional tools in the frame-work might in-crease
 []


Underfull \hbox (badness 10000) in paragraph at lines 439--440

 []


Underfull \hbox (badness 10000) in paragraph at lines 442--445

 []


Underfull \hbox (badness 10000) in paragraph at lines 455--457
[]\OT1/ptm/m/n/9 K. York, (2016, Oc-to-ber). \OT1/ptm/m/it/9 Dyn's State-ment o
n the
 []


Underfull \hbox (badness 1655) in paragraph at lines 457--459
[]\OT1/ptm/m/n/9 E. Auchard, (2016, Novem-ber). \OT1/ptm/m/it/9 Deutsche Teleko
m at-tack
 []


Underfull \hbox (badness 1412) in paragraph at lines 457--459
\OT1/ptm/m/it/9 part of global cam-paign on routers\OT1/ptm/m/n/9 . [On-line]. 
Avail-able:
 []


Underfull \hbox (badness 10000) in paragraph at lines 457--459
\OT1/ptm/m/n/9 https://www.reuters.com/article/us-deutsche-telekom-
 []


Underfull \hbox (badness 10000) in paragraph at lines 457--459
\OT1/ptm/m/n/9 outages/deutsche-telekom-attack-part-of-global-campaign-
 []


Underfull \hbox (badness 1365) in paragraph at lines 459--461
[]\OT1/ptm/m/n/9 Ponemon In-sti-tute LLC, ``Cost of Data Cen-ter Out-ages,''
 []


Underfull \hbox (badness 4467) in paragraph at lines 461--463
\OT1/ptm/m/it/9 and Greg Chcen\OT1/ptm/m/n/9 , Novem-ber 2013. [On-line]. Avail
-able:
 []


Underfull \hbox (badness 10000) in paragraph at lines 461--463
\OT1/ptm/m/n/9 https : / / www . theguardian . com / world / interactive / 2013
 / nov / 01 /
 []


Underfull \hbox (badness 1466) in paragraph at lines 463--465
\OT1/ptm/m/n/9 search Coun-cil,'' \OT1/ptm/m/it/9 CBC News\OT1/ptm/m/n/9 , July
 2014. [On-line]. Avail-
 []


Underfull \hbox (badness 10000) in paragraph at lines 465--467
[]\OT1/ptm/m/n/9 A. Kharpal, ``North Ko-rea government-backed hack-ers
 []


Underfull \hbox (badness 4832) in paragraph at lines 465--467
\OT1/ptm/m/n/9 are try-ing to steal cryp-tocur-rency from South Ko-rean
 []


Underfull \hbox (badness 10000) in paragraph at lines 465--467
\OT1/ptm/m/n/9 users,'' \OT1/ptm/m/it/9 CNBC\OT1/ptm/m/n/9 , Jan-uary 2018. [On
-line]. Avail-able:
 []


Underfull \hbox (badness 10000) in paragraph at lines 465--467
\OT1/ptm/m/n/9 https://www.cnbc.com/2018/01/17/north-korea-hackers-linked-
 []


Underfull \hbox (badness 3260) in paragraph at lines 484--486
[]\OT1/ptm/m/n/9 M. Luckie et al., "AS Re-la-tion-ships, Cus-tomer Cones,
 []


Underfull \hbox (badness 10000) in paragraph at lines 484--486
\OT1/ptm/m/n/9 and Val-i-da-tion", \OT1/ptm/m/it/9 In-ter-net Mea-sure-ment Con
-fer-ence
 []


Underfull \hbox (badness 10000) in paragraph at lines 484--486
\OT1/ptm/m/it/9 (IMC)\OT1/ptm/m/n/9 , Oc-to-ber 2013, pp. 243--256. Avail-able:

 []


Underfull \hbox (badness 3872) in paragraph at lines 495--499
[]\OT1/ptm/m/n/9 J. Ruiz, G. Bar-nett, ``Who owns the in-ter-na-tional In-
 []


Underfull \hbox (badness 3623) in paragraph at lines 495--499
\OT1/ptm/m/n/9 ter-net net-works?,''in \OT1/ptm/m/it/9 The Jour-nal of In-ter-n
a-tional Com-
 []


Underfull \hbox (badness 2717) in paragraph at lines 495--499
\OT1/ptm/m/it/9 mu-ni-ca-tion\OT1/ptm/m/n/9 , vol. 21:1, pp. 38-57, Novem-ber 2
014. doi:
 []

[12]
Underfull \hbox (badness 4132) in paragraph at lines 525--527
[]\OT1/ptm/m/n/9 Caida, Uni-ver-sity of Cal-i-for-nia San Diego, ``AS Re-la-
 []


Underfull \hbox (badness 1540) in paragraph at lines 529--530
\OT1/ptm/m/it/9 ma-tion Sys-tems and Tech-nolo-gies (WE-BIST)\OT1/ptm/m/n/9 , A
pril 2014.
 []


Underfull \hbox (badness 10000) in paragraph at lines 536--537
[]\OT1/ptm/m/n/9 SeleniumHQ (n.d), [On-line]. Avail-able:
 []


Underfull \hbox (badness 10000) in paragraph at lines 538--539
[]\OT1/ptm/m/n/9 Ripe NCC, (n.d.), [On-line]. Avail-able:
 []


Underfull \hbox (badness 10000) in paragraph at lines 557--558
[]\OT1/ptm/m/n/9 Flask Web-de-vel-op-ment, 2018. [On-line]. Avail-able:
 []

<Graphics/AsToDistribution.png, id=75, 451.6875pt x 501.875pt>
File: Graphics/AsToDistribution.png Graphic file (type png)
<use Graphics/AsToDistribution.png>
Package pdftex.def Info: Graphics/AsToDistribution.png  used on input line 569.

(pdftex.def)             Requested size: 180.67178pt x 200.74643pt.
<Graphics/ASesNurPunkte.png, id=76, 1204.5pt x 803.0pt>
File: Graphics/ASesNurPunkte.png Graphic file (type png)
<use Graphics/ASesNurPunkte.png>
Package pdftex.def Info: Graphics/ASesNurPunkte.png  used on input line 579.
(pdftex.def)             Requested size: 240.89574pt x 160.59715pt.
<Graphics/ASToAll.png, id=77, 602.25pt x 401.5pt>
File: Graphics/ASToAll.png Graphic file (type png)
<use Graphics/ASToAll.png>
Package pdftex.def Info: Graphics/ASToAll.png  used on input line 589.
(pdftex.def)             Requested size: 240.89572pt x 160.59715pt.

Underfull \vbox (badness 10000) has occurred while \output is active []


Underfull \hbox (badness 10000) in paragraph at lines 598--599

 []


LaTeX Warning: Float too large for page by 8.81462pt on input line 648.


Overfull \vbox (55.43549pt too high) has occurred while \output is active []


[13 <./Graphics/AsToDistribution.png> <./Graphics/ASesNurPunkte.png>] [14]

** Conference Paper **
Before submitting the final camera ready copy, remember to:

 1. Manually equalize the lengths of two columns on the last page
 of your paper;

 2. Ensure that any PostScript and/or PDF output post-processing
 uses only Type 1 fonts and that every step in the generation
 process uses the appropriate paper size.

[15

 <./Graphics/ASToAll.png>] (coriaPaper.aux)

LaTeX Warning: There were multiply-defined labels.

 ) 
Here is how much of TeX's memory you used:
 6813 strings out of 493303
 95923 string characters out of 3138844
 302188 words of memory out of 3000000
 10202 multiletter control sequences out of 15000+200000
 47342 words of font info for 104 fonts, out of 3000000 for 9000
 1141 hyphenation exceptions out of 8191
 42i,8n,43p,2071b,1706s stack positions out of 5000i,500n,10000p,200000b,50000s
{C:/Program Files/MiKTeX 2.9/fonts/enc/dvips/base/8r.enc}<C:/Program Files/Mi
KTeX 2.9/fonts/type1/public/amsfonts/cm/cmsy9.pfb><C:/Program Files/MiKTeX 2.9/
fonts/type1/urw/courier/ucrb8a.pfb><C:/Program Files/MiKTeX 2.9/fonts/type1/urw
/courier/ucrr8a.pfb><C:/Program Files/MiKTeX 2.9/fonts/type1/urw/courier/ucrro8
a.pfb><C:/Program Files/MiKTeX 2.9/fonts/type1/urw/times/utmb8a.pfb><C:/Program
 Files/MiKTeX 2.9/fonts/type1/urw/times/utmbi8a.pfb><C:/Program Files/MiKTeX 2.
9/fonts/type1/urw/times/utmr8a.pfb><C:/Program Files/MiKTeX 2.9/fonts/type1/urw
/times/utmri8a.pfb>
Output written on coriaPaper.pdf (15 pages, 1428646 bytes).
PDF statistics:
 119 PDF objects out of 1000 (max. 8388607)
 0 named destinations out of 1000 (max. 500000)
 86 words of extra memory for PDF output out of 10000 (max. 10000000)

